[debug] > Exec(early(addDefaultCommands), None, None)
[debug] > Exec(addDefaultCommands, None, None)
[debug] > Exec(early(initialize), None, None)
[debug] > Exec(initialize, None, None)
[debug] > Exec(boot, None, None)
[debug] > Exec(writeSbtVersion, None, None)
[debug] > Exec(reload, None, None)
[debug] > Exec(sbtStashOnFailure, None, None)
[debug] > Exec(onFailure loadFailed, None, None)
[debug] > Exec(loadp, None, None)
[info] welcome to sbt 1.8.3 (Oracle Corporation Java 1.8.0_361)
[debug]       Load.loadUnit: plugins took 65.873667ms
[debug]       Load.loadUnit: defsScala took 0.236916ms
[debug] [Loading] Scanning directory /Users/TEEMENGKIAT/.sbt/1.0/plugins
[debug] [Loading] Found non-root projects 
[debug] [Loading] Done in /Users/TEEMENGKIAT/.sbt/1.0/plugins, returning: ()
[debug] deducing auto plugins based on known facts Set(Atom(sbt.plugins.CorePlugin)) and clauses Clauses(Clause(Atom(sbt.plugins.JvmPlugin),Set(Atom(sbt.plugins.IvyPlugin)))
[debug] Clause(Atom(sbt.ScriptedPlugin),Set(Atom(sbt.plugins.JvmPlugin)))
[debug] Clause(Atom(sbt.plugins.SbtPlugin),Set(Atom(sbt.ScriptedPlugin)))
[debug] Clause(Atom(sbt.plugins.SemanticdbPlugin),Set(Atom(sbt.plugins.JvmPlugin)))
[debug] Clause(Atom(sbt.plugins.JUnitXmlReportPlugin),Set(Atom(sbt.plugins.JvmPlugin)))
[debug] Clause(Atom(sbt.plugins.MiniDependencyTreePlugin),Set(Atom(sbt.plugins.JvmPlugin)))
[debug] Clause(Atom(sbt.plugins.CorePlugin),Set(Atom(sbt.plugins.IvyPlugin)))
[debug] Clause(Atom(sbt.plugins.IvyPlugin),Set(Atom(sbt.plugins.JvmPlugin)))
[debug] Clause(Atom(sbt.plugins.JvmPlugin),Set(Atom(sbt.plugins.SemanticdbPlugin)))
[debug] Clause(Atom(sbt.plugins.JvmPlugin),Set(Atom(sbt.plugins.JUnitXmlReportPlugin)))
[debug] Clause(Atom(sbt.plugins.CorePlugin),Set(Atom(sbt.plugins.Giter8TemplatePlugin)))
[debug] Clause(Atom(sbt.plugins.JvmPlugin),Set(Atom(sbt.plugins.MiniDependencyTreePlugin))))
[debug]   :: deduced result: Matched(sbt.plugins.CorePlugin,sbt.plugins.Giter8TemplatePlugin,sbt.plugins.IvyPlugin,sbt.plugins.JvmPlugin,sbt.plugins.MiniDependencyTreePlugin,sbt.plugins.JUnitXmlReportPlugin,sbt.plugins.SemanticdbPlugin)
[debug] Plugins.deducer#function took 15.733958 ms
[debug]           Load.resolveProject(global-plugins) took 36.034792ms
[debug]         Load.loadTransitive: finalizeProject(Project(id global-plugins, base: /Users/TEEMENGKIAT/.sbt/1.0/plugins, plugins: List(<none>))) took 76.124542ms
[debug] [Loading] Done in /Users/TEEMENGKIAT/.sbt/1.0/plugins, returning: (global-plugins)
[debug]       Load.loadUnit: loadedProjectsRaw took 94.77075ms
[debug]       Load.loadUnit: cleanEvalClasses took 0.174208ms
[debug]     Load.loadUnit(file:/Users/TEEMENGKIAT/.sbt/1.0/plugins/, ...) took 167.190291ms
[debug]   Load.apply: load took 1293.353416ms
[debug]   Load.apply: resolveProjects took 5.285125ms
[debug]   Load.apply: finalTransforms took 94.474583ms
[debug]   Load.apply: config.delegates took 6.969709ms
[debug]   Load.apply: Def.make(settings)... took 935.496666ms
[debug]   Load.apply: structureIndex took 222.91375ms
[debug]   Load.apply: mkStreams took 1.179666ms
[info] loading global plugins from /Users/TEEMENGKIAT/.sbt/1.0/plugins
[debug] Running task... Cancel: Signal, check cycles: false, forcegc: true
